{
  "stats": {
    "suites": 7,
    "tests": 18,
    "passes": 18,
    "pending": 0,
    "failures": 0,
    "start": "2023-10-12T09:15:28.679Z",
    "end": "2023-10-12T09:15:28.982Z",
    "duration": 303,
    "testsRegistered": 18,
    "passPercent": 100,
    "pendingPercent": 0,
    "other": 0,
    "hasOther": false,
    "skipped": 0,
    "hasSkipped": false
  },
  "results": [
    {
      "uuid": "75d6aad5-d3d3-48cc-8c9d-44ba0479340e",
      "title": "",
      "fullFile": "D:\\prosigmaka\\Mobbi SQA\\mobbi Final Project\\TestApi\\main.js",
      "file": "\\main.js",
      "beforeHooks": [],
      "afterHooks": [],
      "tests": [],
      "suites": [
        {
          "uuid": "991e7297-d4c9-49ae-84a5-ac4560a53aa7",
          "title": "Api Testing Daftar Tourist",
          "fullFile": "D:\\prosigmaka\\Mobbi SQA\\mobbi Final Project\\TestApi\\main.js",
          "file": "\\main.js",
          "beforeHooks": [],
          "afterHooks": [],
          "tests": [],
          "suites": [
            {
              "uuid": "c8dc6635-9b4c-4c12-909f-1e844b88fdef",
              "title": "Percobaan mendapatkan semua data tourist",
              "fullFile": "D:\\prosigmaka\\Mobbi SQA\\mobbi Final Project\\TestApi\\main.js",
              "file": "\\main.js",
              "beforeHooks": [],
              "afterHooks": [],
              "tests": [
                {
                  "title": "validasi tipe json benar",
                  "fullTitle": "Api Testing Daftar Tourist Percobaan mendapatkan semua data tourist validasi tipe json benar",
                  "timedOut": false,
                  "duration": 120,
                  "state": "passed",
                  "speed": "slow",
                  "pass": true,
                  "fail": false,
                  "pending": false,
                  "context": null,
                  "code": "res = await requestLocal.get(\"/data\");\n// console.log(\"res ss \", res);\nexpect(res.body).jsonSchema(schemaDataTourists); //* verify type json",
                  "err": {},
                  "uuid": "d430e977-c84d-4a31-af28-2eb1341143f1",
                  "parentUUID": "c8dc6635-9b4c-4c12-909f-1e844b88fdef",
                  "isHook": false,
                  "skipped": false
                },
                {
                  "title": "validasi status 200 request sukses",
                  "fullTitle": "Api Testing Daftar Tourist Percobaan mendapatkan semua data tourist validasi status 200 request sukses",
                  "timedOut": false,
                  "duration": 1,
                  "state": "passed",
                  "speed": "fast",
                  "pass": true,
                  "fail": false,
                  "pending": false,
                  "context": null,
                  "code": "// const res = await requestLocal.get(\"/data\");\nexpect(res.status).equal(200); //* verify status code",
                  "err": {},
                  "uuid": "24ec5d0e-e8db-40f6-8c8c-bddfb4a2acfe",
                  "parentUUID": "c8dc6635-9b4c-4c12-909f-1e844b88fdef",
                  "isHook": false,
                  "skipped": false
                },
                {
                  "title": "validasi content content-type json",
                  "fullTitle": "Api Testing Daftar Tourist Percobaan mendapatkan semua data tourist validasi content content-type json",
                  "timedOut": false,
                  "duration": 2,
                  "state": "passed",
                  "speed": "fast",
                  "pass": true,
                  "fail": false,
                  "pending": false,
                  "context": null,
                  "code": "// const res = await requestLocal.get(\"/data\");\nexpect(res.headers[\"content-type\"]).include(\"application/json\"); // verify content type",
                  "err": {},
                  "uuid": "c9bb27fa-d200-4678-acd0-9186498f1a71",
                  "parentUUID": "c8dc6635-9b4c-4c12-909f-1e844b88fdef",
                  "isHook": false,
                  "skipped": false
                }
              ],
              "suites": [],
              "passes": [
                "d430e977-c84d-4a31-af28-2eb1341143f1",
                "24ec5d0e-e8db-40f6-8c8c-bddfb4a2acfe",
                "c9bb27fa-d200-4678-acd0-9186498f1a71"
              ],
              "failures": [],
              "pending": [],
              "skipped": [],
              "duration": 123,
              "root": false,
              "rootEmpty": false,
              "_timeout": 0
            },
            {
              "uuid": "789a12ea-d935-4445-a5f4-b0fbbce1cc93",
              "title": "Percobaan membuat data tourist",
              "fullFile": "D:\\prosigmaka\\Mobbi SQA\\mobbi Final Project\\TestApi\\main.js",
              "file": "\\main.js",
              "beforeHooks": [],
              "afterHooks": [],
              "tests": [
                {
                  "title": "validasi type json benar",
                  "fullTitle": "Api Testing Daftar Tourist Percobaan membuat data tourist validasi type json benar",
                  "timedOut": false,
                  "duration": 33,
                  "state": "passed",
                  "speed": "fast",
                  "pass": true,
                  "fail": false,
                  "pending": false,
                  "context": null,
                  "code": "res = await requestLocal.post(\"/data\").send(createPayload);\nexpect(res.body).to.be.jsonSchema(schemaSingleDataTourist); //* verify type json",
                  "err": {},
                  "uuid": "148ce715-85e7-4387-8785-8bdc12542c02",
                  "parentUUID": "789a12ea-d935-4445-a5f4-b0fbbce1cc93",
                  "isHook": false,
                  "skipped": false
                },
                {
                  "title": "validasi data yang dikirim sama seperti di body",
                  "fullTitle": "Api Testing Daftar Tourist Percobaan membuat data tourist validasi data yang dikirim sama seperti di body",
                  "timedOut": false,
                  "duration": 1,
                  "state": "passed",
                  "speed": "fast",
                  "pass": true,
                  "fail": false,
                  "pending": false,
                  "context": null,
                  "code": "expect(res.body[\"tourist_email\"]).equal(createPayload.tourist_email); //* verify data same like in the body\nexpect(res.body[\"tourist_location\"]).equal(\n  createPayload.tourist_location\n); //* verify data same like in the body\nexpect(res.body[\"tourist_name\"]).equal(createPayload.tourist_name); //* verify data same like in the body",
                  "err": {},
                  "uuid": "84b9b1bb-c3ac-4cd7-a15d-903980108ce1",
                  "parentUUID": "789a12ea-d935-4445-a5f4-b0fbbce1cc93",
                  "isHook": false,
                  "skipped": false
                },
                {
                  "title": "validasi status 201 data created",
                  "fullTitle": "Api Testing Daftar Tourist Percobaan membuat data tourist validasi status 201 data created",
                  "timedOut": false,
                  "duration": 0,
                  "state": "passed",
                  "speed": "fast",
                  "pass": true,
                  "fail": false,
                  "pending": false,
                  "context": null,
                  "code": "expect(res.status).equal(201); //* verify status 201 data was created",
                  "err": {},
                  "uuid": "4d789923-27be-4431-9046-ba483e523556",
                  "parentUUID": "789a12ea-d935-4445-a5f4-b0fbbce1cc93",
                  "isHook": false,
                  "skipped": false
                }
              ],
              "suites": [],
              "passes": [
                "148ce715-85e7-4387-8785-8bdc12542c02",
                "84b9b1bb-c3ac-4cd7-a15d-903980108ce1",
                "4d789923-27be-4431-9046-ba483e523556"
              ],
              "failures": [],
              "pending": [],
              "skipped": [],
              "duration": 34,
              "root": false,
              "rootEmpty": false,
              "_timeout": 0
            },
            {
              "uuid": "5e02d038-f69b-490d-930f-1b5c756786d4",
              "title": "percobaan memilih satu data tourist",
              "fullFile": "D:\\prosigmaka\\Mobbi SQA\\mobbi Final Project\\TestApi\\main.js",
              "file": "\\main.js",
              "beforeHooks": [],
              "afterHooks": [],
              "tests": [
                {
                  "title": "validasi status 200 data request sukses ",
                  "fullTitle": "Api Testing Daftar Tourist percobaan memilih satu data tourist validasi status 200 data request sukses ",
                  "timedOut": false,
                  "duration": 36,
                  "state": "passed",
                  "speed": "fast",
                  "pass": true,
                  "fail": false,
                  "pending": false,
                  "context": null,
                  "code": "res = await requestLocal.get(\"/data/273786\");\nexpect(res.status).equal(200);",
                  "err": {},
                  "uuid": "96f08424-8219-4de4-b632-7651ce29a852",
                  "parentUUID": "5e02d038-f69b-490d-930f-1b5c756786d4",
                  "isHook": false,
                  "skipped": false
                },
                {
                  "title": "validasi tipe json benar",
                  "fullTitle": "Api Testing Daftar Tourist percobaan memilih satu data tourist validasi tipe json benar",
                  "timedOut": false,
                  "duration": 0,
                  "state": "passed",
                  "speed": "fast",
                  "pass": true,
                  "fail": false,
                  "pending": false,
                  "context": null,
                  "code": "expect(res.body).jsonSchema(schemaSingleDataTourist);",
                  "err": {},
                  "uuid": "b201d68b-51d7-457d-94f2-dde64504e7d9",
                  "parentUUID": "5e02d038-f69b-490d-930f-1b5c756786d4",
                  "isHook": false,
                  "skipped": false
                },
                {
                  "title": "validasi content content-type json",
                  "fullTitle": "Api Testing Daftar Tourist percobaan memilih satu data tourist validasi content content-type json",
                  "timedOut": false,
                  "duration": 0,
                  "state": "passed",
                  "speed": "fast",
                  "pass": true,
                  "fail": false,
                  "pending": false,
                  "context": null,
                  "code": "expect(res.headers[\"content-type\"]).include(\"application/json\"); // verify content type",
                  "err": {},
                  "uuid": "ade21097-119d-443b-b986-113cd081593d",
                  "parentUUID": "5e02d038-f69b-490d-930f-1b5c756786d4",
                  "isHook": false,
                  "skipped": false
                }
              ],
              "suites": [],
              "passes": [
                "96f08424-8219-4de4-b632-7651ce29a852",
                "b201d68b-51d7-457d-94f2-dde64504e7d9",
                "ade21097-119d-443b-b986-113cd081593d"
              ],
              "failures": [],
              "pending": [],
              "skipped": [],
              "duration": 36,
              "root": false,
              "rootEmpty": false,
              "_timeout": 0
            },
            {
              "uuid": "9e188ac5-c59b-45a2-9b05-b9ee912c88d9",
              "title": "percobaan update semua data tourist ke database ",
              "fullFile": "D:\\prosigmaka\\Mobbi SQA\\mobbi Final Project\\TestApi\\main.js",
              "file": "\\main.js",
              "beforeHooks": [],
              "afterHooks": [],
              "tests": [
                {
                  "title": "validasi tipe json payload di database sama",
                  "fullTitle": "Api Testing Daftar Tourist percobaan update semua data tourist ke database  validasi tipe json payload di database sama",
                  "timedOut": false,
                  "duration": 28,
                  "state": "passed",
                  "speed": "fast",
                  "pass": true,
                  "fail": false,
                  "pending": false,
                  "context": null,
                  "code": "res = await requestLocal.put(\"/data/273786\").send(updateAllPayload);\nexpect(res.body).jsonSchema(schemaSingleDataTourist);",
                  "err": {},
                  "uuid": "25017492-726b-4c1e-825f-d038b10f094c",
                  "parentUUID": "9e188ac5-c59b-45a2-9b05-b9ee912c88d9",
                  "isHook": false,
                  "skipped": false
                },
                {
                  "title": "validasi status 200 data request sukses",
                  "fullTitle": "Api Testing Daftar Tourist percobaan update semua data tourist ke database  validasi status 200 data request sukses",
                  "timedOut": false,
                  "duration": 1,
                  "state": "passed",
                  "speed": "fast",
                  "pass": true,
                  "fail": false,
                  "pending": false,
                  "context": null,
                  "code": "expect(res.status).equal(200);",
                  "err": {},
                  "uuid": "b3a0650e-1b35-4b0f-afcd-2262818f85ab",
                  "parentUUID": "9e188ac5-c59b-45a2-9b05-b9ee912c88d9",
                  "isHook": false,
                  "skipped": false
                },
                {
                  "title": "input payload sama seperti di database",
                  "fullTitle": "Api Testing Daftar Tourist percobaan update semua data tourist ke database  input payload sama seperti di database",
                  "timedOut": false,
                  "duration": 0,
                  "state": "passed",
                  "speed": "fast",
                  "pass": true,
                  "fail": false,
                  "pending": false,
                  "context": null,
                  "code": "expect(res.body[\"tourist_email\"]).equal(updateAllPayload.tourist_email);\nexpect(res.body[\"tourist_location\"]).equal(\n  updateAllPayload.tourist_location\n);\nexpect(res.body[\"tourist_name\"]).equal(updateAllPayload.tourist_name);",
                  "err": {},
                  "uuid": "15c235f3-0733-47c7-9467-ee08f4485248",
                  "parentUUID": "9e188ac5-c59b-45a2-9b05-b9ee912c88d9",
                  "isHook": false,
                  "skipped": false
                },
                {
                  "title": "validasi content content-type json",
                  "fullTitle": "Api Testing Daftar Tourist percobaan update semua data tourist ke database  validasi content content-type json",
                  "timedOut": false,
                  "duration": 1,
                  "state": "passed",
                  "speed": "fast",
                  "pass": true,
                  "fail": false,
                  "pending": false,
                  "context": null,
                  "code": "expect(res.headers[\"content-type\"]).include(\"application/json\"); // verify content type",
                  "err": {},
                  "uuid": "6a560d9d-5160-4120-a7ee-8c10f195b6e9",
                  "parentUUID": "9e188ac5-c59b-45a2-9b05-b9ee912c88d9",
                  "isHook": false,
                  "skipped": false
                }
              ],
              "suites": [],
              "passes": [
                "25017492-726b-4c1e-825f-d038b10f094c",
                "b3a0650e-1b35-4b0f-afcd-2262818f85ab",
                "15c235f3-0733-47c7-9467-ee08f4485248",
                "6a560d9d-5160-4120-a7ee-8c10f195b6e9"
              ],
              "failures": [],
              "pending": [],
              "skipped": [],
              "duration": 30,
              "root": false,
              "rootEmpty": false,
              "_timeout": 0
            },
            {
              "uuid": "7be4c534-1fc6-411c-aedd-549b6d20f02d",
              "title": "percobaan update satu data(tourist_location)",
              "fullFile": "D:\\prosigmaka\\Mobbi SQA\\mobbi Final Project\\TestApi\\main.js",
              "file": "\\main.js",
              "beforeHooks": [],
              "afterHooks": [],
              "tests": [
                {
                  "title": "validasi tipe json payload di database sama",
                  "fullTitle": "Api Testing Daftar Tourist percobaan update satu data(tourist_location) validasi tipe json payload di database sama",
                  "timedOut": false,
                  "duration": 25,
                  "state": "passed",
                  "speed": "fast",
                  "pass": true,
                  "fail": false,
                  "pending": false,
                  "context": null,
                  "code": "const res = await requestLocal\n  .patch(\"/data/273786\")\n  .send(oneUpdatePayload);\nexpect(res.body).jsonSchema(schemaSingleDataTourist);",
                  "err": {},
                  "uuid": "5e60c37c-475b-440b-9204-67405e111a6a",
                  "parentUUID": "7be4c534-1fc6-411c-aedd-549b6d20f02d",
                  "isHook": false,
                  "skipped": false
                },
                {
                  "title": "validasi status 200 data request sukses",
                  "fullTitle": "Api Testing Daftar Tourist percobaan update satu data(tourist_location) validasi status 200 data request sukses",
                  "timedOut": false,
                  "duration": 1,
                  "state": "passed",
                  "speed": "fast",
                  "pass": true,
                  "fail": false,
                  "pending": false,
                  "context": null,
                  "code": "expect(res.status).equal(200);",
                  "err": {},
                  "uuid": "aafbe683-5ddb-49a9-8727-a13e651448f0",
                  "parentUUID": "7be4c534-1fc6-411c-aedd-549b6d20f02d",
                  "isHook": false,
                  "skipped": false
                },
                {
                  "title": "input payload sama seperti di database",
                  "fullTitle": "Api Testing Daftar Tourist percobaan update satu data(tourist_location) input payload sama seperti di database",
                  "timedOut": false,
                  "duration": 0,
                  "state": "passed",
                  "speed": "fast",
                  "pass": true,
                  "fail": false,
                  "pending": false,
                  "context": null,
                  "code": "expect(res.body[\"tourist_location\"]).equal(\n  oneUpdatePayload.tourist_location\n);",
                  "err": {},
                  "uuid": "e113495e-914c-4c25-823f-73cac486fe37",
                  "parentUUID": "7be4c534-1fc6-411c-aedd-549b6d20f02d",
                  "isHook": false,
                  "skipped": false
                }
              ],
              "suites": [],
              "passes": [
                "5e60c37c-475b-440b-9204-67405e111a6a",
                "aafbe683-5ddb-49a9-8727-a13e651448f0",
                "e113495e-914c-4c25-823f-73cac486fe37"
              ],
              "failures": [],
              "pending": [],
              "skipped": [],
              "duration": 26,
              "root": false,
              "rootEmpty": false,
              "_timeout": 0
            },
            {
              "uuid": "56c53ab4-f914-4bbc-847c-ded156426472",
              "title": "percobaan delete data tourist ",
              "fullFile": "D:\\prosigmaka\\Mobbi SQA\\mobbi Final Project\\TestApi\\main.js",
              "file": "\\main.js",
              "beforeHooks": [],
              "afterHooks": [],
              "tests": [
                {
                  "title": "validasi status 200 data request sukses delete",
                  "fullTitle": "Api Testing Daftar Tourist percobaan delete data tourist  validasi status 200 data request sukses delete",
                  "timedOut": false,
                  "duration": 22,
                  "state": "passed",
                  "speed": "fast",
                  "pass": true,
                  "fail": false,
                  "pending": false,
                  "context": null,
                  "code": "res = await requestLocal.delete(\"/data/273786\");\nexpect(res.status).equal(200);",
                  "err": {},
                  "uuid": "cf741c4c-028e-4d30-8c73-641fdf0b5863",
                  "parentUUID": "56c53ab4-f914-4bbc-847c-ded156426472",
                  "isHook": false,
                  "skipped": false
                },
                {
                  "title": "validasi data telah kosong ter-delete",
                  "fullTitle": "Api Testing Daftar Tourist percobaan delete data tourist  validasi data telah kosong ter-delete",
                  "timedOut": false,
                  "duration": 0,
                  "state": "passed",
                  "speed": "fast",
                  "pass": true,
                  "fail": false,
                  "pending": false,
                  "context": null,
                  "code": "expect(res.body).to.be.an(\"object\");",
                  "err": {},
                  "uuid": "740e840f-25ec-420a-8276-3d2d3589b97f",
                  "parentUUID": "56c53ab4-f914-4bbc-847c-ded156426472",
                  "isHook": false,
                  "skipped": false
                }
              ],
              "suites": [],
              "passes": [
                "cf741c4c-028e-4d30-8c73-641fdf0b5863",
                "740e840f-25ec-420a-8276-3d2d3589b97f"
              ],
              "failures": [],
              "pending": [],
              "skipped": [],
              "duration": 22,
              "root": false,
              "rootEmpty": false,
              "_timeout": 0
            }
          ],
          "passes": [],
          "failures": [],
          "pending": [],
          "skipped": [],
          "duration": 0,
          "root": false,
          "rootEmpty": false,
          "_timeout": 0
        }
      ],
      "passes": [],
      "failures": [],
      "pending": [],
      "skipped": [],
      "duration": 0,
      "root": true,
      "rootEmpty": true,
      "_timeout": 0
    }
  ],
  "meta": {
    "mocha": {
      "version": "10.2.0"
    },
    "mochawesome": {
      "options": {
        "quiet": false,
        "reportFilename": "mochawesome",
        "saveHtml": true,
        "saveJson": true,
        "consoleReporter": "spec",
        "useInlineDiffs": false,
        "code": true
      },
      "version": "7.1.3"
    },
    "marge": {
      "options": null,
      "version": "6.2.0"
    }
  }
}