{
  "stats": {
    "suites": 12,
    "tests": 29,
    "passes": 29,
    "pending": 0,
    "failures": 0,
    "start": "2023-10-13T03:50:24.591Z",
    "end": "2023-10-13T03:50:25.221Z",
    "duration": 630,
    "testsRegistered": 29,
    "passPercent": 100,
    "pendingPercent": 0,
    "other": 0,
    "hasOther": false,
    "skipped": 0,
    "hasSkipped": false
  },
  "results": [
    {
      "uuid": "961bd21f-d257-4111-915a-be8032418b94",
      "title": "",
      "fullFile": "",
      "file": "",
      "beforeHooks": [],
      "afterHooks": [],
      "tests": [],
      "suites": [
        {
          "uuid": "029887b5-cf6b-4aa7-b7cf-9ddefb4717c1",
          "title": "FT_01_POS",
          "fullFile": "D:\\prosigmaka\\Mobbi SQA\\mobbi Final Project\\TestApi\\FT_01_POS.test.js",
          "file": "\\FT_01_POS.test.js",
          "beforeHooks": [],
          "afterHooks": [],
          "tests": [],
          "suites": [
            {
              "uuid": "8a6ae396-cc73-4ec6-bcbf-f32ade1f0c66",
              "title": "POS_01 Percobaan mendapatkan semua data tourist",
              "fullFile": "D:\\prosigmaka\\Mobbi SQA\\mobbi Final Project\\TestApi\\FT_01_POS.test.js",
              "file": "\\FT_01_POS.test.js",
              "beforeHooks": [],
              "afterHooks": [],
              "tests": [
                {
                  "title": "validasi tipe json benar",
                  "fullTitle": "FT_01_POS POS_01 Percobaan mendapatkan semua data tourist validasi tipe json benar",
                  "timedOut": false,
                  "duration": 218,
                  "state": "passed",
                  "speed": "slow",
                  "pass": true,
                  "fail": false,
                  "pending": false,
                  "context": null,
                  "code": "res = await requestLocal.get(\"/data\");\n// console.log(\"res ss \", res);\nexpect(res.body).jsonSchema(schemaDataTourists); //* verify type json",
                  "err": {},
                  "uuid": "2d58b871-d9b2-4630-8704-49717ab03b66",
                  "parentUUID": "8a6ae396-cc73-4ec6-bcbf-f32ade1f0c66",
                  "isHook": false,
                  "skipped": false
                },
                {
                  "title": "validasi status 200 request sukses",
                  "fullTitle": "FT_01_POS POS_01 Percobaan mendapatkan semua data tourist validasi status 200 request sukses",
                  "timedOut": false,
                  "duration": 0,
                  "state": "passed",
                  "speed": "fast",
                  "pass": true,
                  "fail": false,
                  "pending": false,
                  "context": null,
                  "code": "// const res = await requestLocal.get(\"/data\");\nexpect(res.status).equal(200); //* verify status code",
                  "err": {},
                  "uuid": "504eb9b1-d3d3-408b-ab59-1513514d981f",
                  "parentUUID": "8a6ae396-cc73-4ec6-bcbf-f32ade1f0c66",
                  "isHook": false,
                  "skipped": false
                },
                {
                  "title": "validasi content content-type json",
                  "fullTitle": "FT_01_POS POS_01 Percobaan mendapatkan semua data tourist validasi content content-type json",
                  "timedOut": false,
                  "duration": 3,
                  "state": "passed",
                  "speed": "fast",
                  "pass": true,
                  "fail": false,
                  "pending": false,
                  "context": null,
                  "code": "// const res = await requestLocal.get(\"/data\");\nexpect(res.headers[\"content-type\"]).include(\"application/json\"); // verify content type",
                  "err": {},
                  "uuid": "88e0d108-96b2-4397-aed4-b53d375b6297",
                  "parentUUID": "8a6ae396-cc73-4ec6-bcbf-f32ade1f0c66",
                  "isHook": false,
                  "skipped": false
                }
              ],
              "suites": [],
              "passes": [
                "2d58b871-d9b2-4630-8704-49717ab03b66",
                "504eb9b1-d3d3-408b-ab59-1513514d981f",
                "88e0d108-96b2-4397-aed4-b53d375b6297"
              ],
              "failures": [],
              "pending": [],
              "skipped": [],
              "duration": 221,
              "root": false,
              "rootEmpty": false,
              "_timeout": 0
            },
            {
              "uuid": "b2d41c74-1b1d-4e80-b111-d94069449e2c",
              "title": "POS_02 Percobaan membuat data tourist",
              "fullFile": "D:\\prosigmaka\\Mobbi SQA\\mobbi Final Project\\TestApi\\FT_01_POS.test.js",
              "file": "\\FT_01_POS.test.js",
              "beforeHooks": [],
              "afterHooks": [],
              "tests": [
                {
                  "title": "validasi type json benar",
                  "fullTitle": "FT_01_POS POS_02 Percobaan membuat data tourist validasi type json benar",
                  "timedOut": false,
                  "duration": 44,
                  "state": "passed",
                  "speed": "medium",
                  "pass": true,
                  "fail": false,
                  "pending": false,
                  "context": null,
                  "code": "res = await requestLocal.post(\"/data\").send(createPayload);\nexpect(res.body).to.be.jsonSchema(schemaSingleDataTourist); //* verify type json",
                  "err": {},
                  "uuid": "08a4d8c0-e4ff-4ccc-8fe8-a6c268f99d0c",
                  "parentUUID": "b2d41c74-1b1d-4e80-b111-d94069449e2c",
                  "isHook": false,
                  "skipped": false
                },
                {
                  "title": "validasi data yang dikirim sama seperti di body",
                  "fullTitle": "FT_01_POS POS_02 Percobaan membuat data tourist validasi data yang dikirim sama seperti di body",
                  "timedOut": false,
                  "duration": 1,
                  "state": "passed",
                  "speed": "fast",
                  "pass": true,
                  "fail": false,
                  "pending": false,
                  "context": null,
                  "code": "expect(res.body[\"tourist_email\"]).equal(createPayload.tourist_email); //* verify data same like in the body\nexpect(res.body[\"tourist_location\"]).equal(\n  createPayload.tourist_location\n); //* verify data same like in the body\nexpect(res.body[\"tourist_name\"]).equal(createPayload.tourist_name); //* verify data same like in the body",
                  "err": {},
                  "uuid": "871cef77-c25c-4474-88aa-81836997f510",
                  "parentUUID": "b2d41c74-1b1d-4e80-b111-d94069449e2c",
                  "isHook": false,
                  "skipped": false
                },
                {
                  "title": "validasi status 201 data created",
                  "fullTitle": "FT_01_POS POS_02 Percobaan membuat data tourist validasi status 201 data created",
                  "timedOut": false,
                  "duration": 0,
                  "state": "passed",
                  "speed": "fast",
                  "pass": true,
                  "fail": false,
                  "pending": false,
                  "context": null,
                  "code": "expect(res.status).equal(201); //* verify status 201 data was created",
                  "err": {},
                  "uuid": "f2cd4ff7-be6d-4f11-921d-d7048b57e5bf",
                  "parentUUID": "b2d41c74-1b1d-4e80-b111-d94069449e2c",
                  "isHook": false,
                  "skipped": false
                }
              ],
              "suites": [],
              "passes": [
                "08a4d8c0-e4ff-4ccc-8fe8-a6c268f99d0c",
                "871cef77-c25c-4474-88aa-81836997f510",
                "f2cd4ff7-be6d-4f11-921d-d7048b57e5bf"
              ],
              "failures": [],
              "pending": [],
              "skipped": [],
              "duration": 45,
              "root": false,
              "rootEmpty": false,
              "_timeout": 0
            },
            {
              "uuid": "b68fc4f5-4f1a-4e96-b28e-3b66647f5880",
              "title": "POS_03 percobaan memilih satu data tourist",
              "fullFile": "D:\\prosigmaka\\Mobbi SQA\\mobbi Final Project\\TestApi\\FT_01_POS.test.js",
              "file": "\\FT_01_POS.test.js",
              "beforeHooks": [],
              "afterHooks": [],
              "tests": [
                {
                  "title": "validasi status 200 data request sukses ",
                  "fullTitle": "FT_01_POS POS_03 percobaan memilih satu data tourist validasi status 200 data request sukses ",
                  "timedOut": false,
                  "duration": 32,
                  "state": "passed",
                  "speed": "fast",
                  "pass": true,
                  "fail": false,
                  "pending": false,
                  "context": null,
                  "code": "res = await requestLocal.get(\"/data/273786\");\nexpect(res.status).equal(200);",
                  "err": {},
                  "uuid": "ab2dfaff-15c2-498f-9460-95eb8ce68dc8",
                  "parentUUID": "b68fc4f5-4f1a-4e96-b28e-3b66647f5880",
                  "isHook": false,
                  "skipped": false
                },
                {
                  "title": "validasi tipe json benar",
                  "fullTitle": "FT_01_POS POS_03 percobaan memilih satu data tourist validasi tipe json benar",
                  "timedOut": false,
                  "duration": 1,
                  "state": "passed",
                  "speed": "fast",
                  "pass": true,
                  "fail": false,
                  "pending": false,
                  "context": null,
                  "code": "expect(res.body).jsonSchema(schemaSingleDataTourist);",
                  "err": {},
                  "uuid": "4218ceb6-5e61-402d-8557-13cc45a6fa0d",
                  "parentUUID": "b68fc4f5-4f1a-4e96-b28e-3b66647f5880",
                  "isHook": false,
                  "skipped": false
                },
                {
                  "title": "validasi content content-type json",
                  "fullTitle": "FT_01_POS POS_03 percobaan memilih satu data tourist validasi content content-type json",
                  "timedOut": false,
                  "duration": 1,
                  "state": "passed",
                  "speed": "fast",
                  "pass": true,
                  "fail": false,
                  "pending": false,
                  "context": null,
                  "code": "expect(res.headers[\"content-type\"]).include(\"application/json\"); // verify content type",
                  "err": {},
                  "uuid": "977647f1-9e5b-48e5-815f-3ff64b3c6992",
                  "parentUUID": "b68fc4f5-4f1a-4e96-b28e-3b66647f5880",
                  "isHook": false,
                  "skipped": false
                }
              ],
              "suites": [],
              "passes": [
                "ab2dfaff-15c2-498f-9460-95eb8ce68dc8",
                "4218ceb6-5e61-402d-8557-13cc45a6fa0d",
                "977647f1-9e5b-48e5-815f-3ff64b3c6992"
              ],
              "failures": [],
              "pending": [],
              "skipped": [],
              "duration": 34,
              "root": false,
              "rootEmpty": false,
              "_timeout": 0
            },
            {
              "uuid": "873b7f63-1579-4b34-83b3-b61cc00711a8",
              "title": "POS_04 percobaan update semua data tourist ke database ",
              "fullFile": "D:\\prosigmaka\\Mobbi SQA\\mobbi Final Project\\TestApi\\FT_01_POS.test.js",
              "file": "\\FT_01_POS.test.js",
              "beforeHooks": [],
              "afterHooks": [],
              "tests": [
                {
                  "title": "validasi tipe json payload di database sama",
                  "fullTitle": "FT_01_POS POS_04 percobaan update semua data tourist ke database  validasi tipe json payload di database sama",
                  "timedOut": false,
                  "duration": 42,
                  "state": "passed",
                  "speed": "medium",
                  "pass": true,
                  "fail": false,
                  "pending": false,
                  "context": null,
                  "code": "res = await requestLocal.put(\"/data/273786\").send(updateAllPayload);\nexpect(res.body).jsonSchema(schemaSingleDataTourist);",
                  "err": {},
                  "uuid": "43e9d61e-94c7-4c64-a289-88e08b0b19af",
                  "parentUUID": "873b7f63-1579-4b34-83b3-b61cc00711a8",
                  "isHook": false,
                  "skipped": false
                },
                {
                  "title": "validasi status 200 data request sukses",
                  "fullTitle": "FT_01_POS POS_04 percobaan update semua data tourist ke database  validasi status 200 data request sukses",
                  "timedOut": false,
                  "duration": 0,
                  "state": "passed",
                  "speed": "fast",
                  "pass": true,
                  "fail": false,
                  "pending": false,
                  "context": null,
                  "code": "expect(res.status).equal(200);",
                  "err": {},
                  "uuid": "26672988-57ba-4ac7-af3e-1f11181af161",
                  "parentUUID": "873b7f63-1579-4b34-83b3-b61cc00711a8",
                  "isHook": false,
                  "skipped": false
                },
                {
                  "title": "input payload sama seperti di database",
                  "fullTitle": "FT_01_POS POS_04 percobaan update semua data tourist ke database  input payload sama seperti di database",
                  "timedOut": false,
                  "duration": 0,
                  "state": "passed",
                  "speed": "fast",
                  "pass": true,
                  "fail": false,
                  "pending": false,
                  "context": null,
                  "code": "expect(res.body[\"tourist_email\"]).equal(updateAllPayload.tourist_email);\nexpect(res.body[\"tourist_location\"]).equal(\n  updateAllPayload.tourist_location\n);\nexpect(res.body[\"tourist_name\"]).equal(updateAllPayload.tourist_name);",
                  "err": {},
                  "uuid": "0f3e9743-bcdc-4094-aa14-1d12550a247c",
                  "parentUUID": "873b7f63-1579-4b34-83b3-b61cc00711a8",
                  "isHook": false,
                  "skipped": false
                },
                {
                  "title": "validasi content content-type json",
                  "fullTitle": "FT_01_POS POS_04 percobaan update semua data tourist ke database  validasi content content-type json",
                  "timedOut": false,
                  "duration": 1,
                  "state": "passed",
                  "speed": "fast",
                  "pass": true,
                  "fail": false,
                  "pending": false,
                  "context": null,
                  "code": "expect(res.headers[\"content-type\"]).include(\"application/json\"); // verify content type",
                  "err": {},
                  "uuid": "7988b3f8-a0dc-408d-8bd2-a7a5146ce750",
                  "parentUUID": "873b7f63-1579-4b34-83b3-b61cc00711a8",
                  "isHook": false,
                  "skipped": false
                }
              ],
              "suites": [],
              "passes": [
                "43e9d61e-94c7-4c64-a289-88e08b0b19af",
                "26672988-57ba-4ac7-af3e-1f11181af161",
                "0f3e9743-bcdc-4094-aa14-1d12550a247c",
                "7988b3f8-a0dc-408d-8bd2-a7a5146ce750"
              ],
              "failures": [],
              "pending": [],
              "skipped": [],
              "duration": 43,
              "root": false,
              "rootEmpty": false,
              "_timeout": 0
            },
            {
              "uuid": "a6e0fdc9-e4e0-4aff-8874-d97784b6c30c",
              "title": "POS_05 percobaan update satu data(tourist_location)",
              "fullFile": "D:\\prosigmaka\\Mobbi SQA\\mobbi Final Project\\TestApi\\FT_01_POS.test.js",
              "file": "\\FT_01_POS.test.js",
              "beforeHooks": [],
              "afterHooks": [],
              "tests": [
                {
                  "title": "validasi tipe json payload di database sama",
                  "fullTitle": "FT_01_POS POS_05 percobaan update satu data(tourist_location) validasi tipe json payload di database sama",
                  "timedOut": false,
                  "duration": 34,
                  "state": "passed",
                  "speed": "fast",
                  "pass": true,
                  "fail": false,
                  "pending": false,
                  "context": null,
                  "code": "const res = await requestLocal\n  .patch(\"/data/273786\")\n  .send(oneUpdatePayload);\nexpect(res.body).jsonSchema(schemaSingleDataTourist);",
                  "err": {},
                  "uuid": "1e02651b-7f73-4041-9b30-ae5e201c9679",
                  "parentUUID": "a6e0fdc9-e4e0-4aff-8874-d97784b6c30c",
                  "isHook": false,
                  "skipped": false
                },
                {
                  "title": "validasi status 200 data request sukses",
                  "fullTitle": "FT_01_POS POS_05 percobaan update satu data(tourist_location) validasi status 200 data request sukses",
                  "timedOut": false,
                  "duration": 0,
                  "state": "passed",
                  "speed": "fast",
                  "pass": true,
                  "fail": false,
                  "pending": false,
                  "context": null,
                  "code": "expect(res.status).equal(200);",
                  "err": {},
                  "uuid": "a9baf958-5757-49e0-980e-0912458c630f",
                  "parentUUID": "a6e0fdc9-e4e0-4aff-8874-d97784b6c30c",
                  "isHook": false,
                  "skipped": false
                },
                {
                  "title": "input payload sama seperti di database",
                  "fullTitle": "FT_01_POS POS_05 percobaan update satu data(tourist_location) input payload sama seperti di database",
                  "timedOut": false,
                  "duration": 0,
                  "state": "passed",
                  "speed": "fast",
                  "pass": true,
                  "fail": false,
                  "pending": false,
                  "context": null,
                  "code": "expect(res.body[\"tourist_location\"]).equal(\n  oneUpdatePayload.tourist_location\n);",
                  "err": {},
                  "uuid": "1bf76c2f-649f-4554-943b-165b4df0b9f7",
                  "parentUUID": "a6e0fdc9-e4e0-4aff-8874-d97784b6c30c",
                  "isHook": false,
                  "skipped": false
                }
              ],
              "suites": [],
              "passes": [
                "1e02651b-7f73-4041-9b30-ae5e201c9679",
                "a9baf958-5757-49e0-980e-0912458c630f",
                "1bf76c2f-649f-4554-943b-165b4df0b9f7"
              ],
              "failures": [],
              "pending": [],
              "skipped": [],
              "duration": 34,
              "root": false,
              "rootEmpty": false,
              "_timeout": 0
            },
            {
              "uuid": "f19d11e8-c225-44c7-8f62-04727528d988",
              "title": "POS_06 percobaan delete data tourist ",
              "fullFile": "D:\\prosigmaka\\Mobbi SQA\\mobbi Final Project\\TestApi\\FT_01_POS.test.js",
              "file": "\\FT_01_POS.test.js",
              "beforeHooks": [],
              "afterHooks": [],
              "tests": [
                {
                  "title": "validasi status 200 data request sukses delete",
                  "fullTitle": "FT_01_POS POS_06 percobaan delete data tourist  validasi status 200 data request sukses delete",
                  "timedOut": false,
                  "duration": 21,
                  "state": "passed",
                  "speed": "fast",
                  "pass": true,
                  "fail": false,
                  "pending": false,
                  "context": null,
                  "code": "res = await requestLocal.delete(\"/data/273786\");\nexpect(res.status).equal(200);",
                  "err": {},
                  "uuid": "642426bb-f054-4056-bde7-ea8b4baf836c",
                  "parentUUID": "f19d11e8-c225-44c7-8f62-04727528d988",
                  "isHook": false,
                  "skipped": false
                },
                {
                  "title": "validasi data telah kosong ter-delete",
                  "fullTitle": "FT_01_POS POS_06 percobaan delete data tourist  validasi data telah kosong ter-delete",
                  "timedOut": false,
                  "duration": 1,
                  "state": "passed",
                  "speed": "fast",
                  "pass": true,
                  "fail": false,
                  "pending": false,
                  "context": null,
                  "code": "expect(res.body).to.be.an(\"object\");",
                  "err": {},
                  "uuid": "5c1d4028-0924-4ea8-a8c1-d3540b362885",
                  "parentUUID": "f19d11e8-c225-44c7-8f62-04727528d988",
                  "isHook": false,
                  "skipped": false
                }
              ],
              "suites": [],
              "passes": [
                "642426bb-f054-4056-bde7-ea8b4baf836c",
                "5c1d4028-0924-4ea8-a8c1-d3540b362885"
              ],
              "failures": [],
              "pending": [],
              "skipped": [],
              "duration": 22,
              "root": false,
              "rootEmpty": false,
              "_timeout": 0
            }
          ],
          "passes": [],
          "failures": [],
          "pending": [],
          "skipped": [],
          "duration": 0,
          "root": false,
          "rootEmpty": false,
          "_timeout": 0
        },
        {
          "uuid": "edd8b328-6673-42f5-98c7-736d493746a4",
          "title": "FT_02_NEG",
          "fullFile": "D:\\prosigmaka\\Mobbi SQA\\mobbi Final Project\\TestApi\\FT_02_NEG.test.js",
          "file": "\\FT_02_NEG.test.js",
          "beforeHooks": [],
          "afterHooks": [],
          "tests": [],
          "suites": [
            {
              "uuid": "4675d115-4525-41e1-80f0-2f1bdcc43e14",
              "title": "NEG_01 Percobaan membuat data tourist dengan nama yang sama",
              "fullFile": "D:\\prosigmaka\\Mobbi SQA\\mobbi Final Project\\TestApi\\FT_02_NEG.test.js",
              "file": "\\FT_02_NEG.test.js",
              "beforeHooks": [],
              "afterHooks": [],
              "tests": [
                {
                  "title": "validasi type json benar",
                  "fullTitle": "FT_02_NEG NEG_01 Percobaan membuat data tourist dengan nama yang sama validasi type json benar",
                  "timedOut": false,
                  "duration": 36,
                  "state": "passed",
                  "speed": "fast",
                  "pass": true,
                  "fail": false,
                  "pending": false,
                  "context": null,
                  "code": "res = await requestLocal.post(\"/data\").send(createPayloadsSameName);\nexpect(res.body).to.be.jsonSchema(schemaSingleDataTourist);",
                  "err": {},
                  "uuid": "5370f14d-35c4-429b-a71c-0dfa683a7010",
                  "parentUUID": "4675d115-4525-41e1-80f0-2f1bdcc43e14",
                  "isHook": false,
                  "skipped": false
                },
                {
                  "title": "validasi data yang dikirim sama seperti di body",
                  "fullTitle": "FT_02_NEG NEG_01 Percobaan membuat data tourist dengan nama yang sama validasi data yang dikirim sama seperti di body",
                  "timedOut": false,
                  "duration": 1,
                  "state": "passed",
                  "speed": "fast",
                  "pass": true,
                  "fail": false,
                  "pending": false,
                  "context": null,
                  "code": "expect(res.body[\"tourist_email\"]).equal(\n  createPayloadsSameName.tourist_email\n);\nexpect(res.body[\"tourist_location\"]).equal(\n  createPayloadsSameName.tourist_location\n);\nexpect(res.body[\"tourist_name\"]).equal(\n  createPayloadsSameName.tourist_name\n);",
                  "err": {},
                  "uuid": "8407e9ec-7b38-446e-970c-84a6e9ac3fa2",
                  "parentUUID": "4675d115-4525-41e1-80f0-2f1bdcc43e14",
                  "isHook": false,
                  "skipped": false
                },
                {
                  "title": "validasi status 201 data created",
                  "fullTitle": "FT_02_NEG NEG_01 Percobaan membuat data tourist dengan nama yang sama validasi status 201 data created",
                  "timedOut": false,
                  "duration": 1,
                  "state": "passed",
                  "speed": "fast",
                  "pass": true,
                  "fail": false,
                  "pending": false,
                  "context": null,
                  "code": "expect(res.status).equal(201); // must 400 depend",
                  "err": {},
                  "uuid": "a45a0200-8686-4f8e-a571-bb43588ba2c0",
                  "parentUUID": "4675d115-4525-41e1-80f0-2f1bdcc43e14",
                  "isHook": false,
                  "skipped": false
                }
              ],
              "suites": [],
              "passes": [
                "5370f14d-35c4-429b-a71c-0dfa683a7010",
                "8407e9ec-7b38-446e-970c-84a6e9ac3fa2",
                "a45a0200-8686-4f8e-a571-bb43588ba2c0"
              ],
              "failures": [],
              "pending": [],
              "skipped": [],
              "duration": 38,
              "root": false,
              "rootEmpty": false,
              "_timeout": 0
            },
            {
              "uuid": "54ae350c-c33f-4dcc-b56e-ea6f09133188",
              "title": "NEG_02 Percobaan membuat data tourist dengan nama Kosong",
              "fullFile": "D:\\prosigmaka\\Mobbi SQA\\mobbi Final Project\\TestApi\\FT_02_NEG.test.js",
              "file": "\\FT_02_NEG.test.js",
              "beforeHooks": [],
              "afterHooks": [],
              "tests": [
                {
                  "title": "validasi type json benar",
                  "fullTitle": "FT_02_NEG NEG_02 Percobaan membuat data tourist dengan nama Kosong validasi type json benar",
                  "timedOut": false,
                  "duration": 38,
                  "state": "passed",
                  "speed": "medium",
                  "pass": true,
                  "fail": false,
                  "pending": false,
                  "context": null,
                  "code": "res = await requestLocal.post(\"/data\").send(createPayloadsNullName);\nexpect(res.body).to.be.jsonSchema(schemaSingleDataTourist);",
                  "err": {},
                  "uuid": "c419ca41-3baf-4caa-a18f-c9fd5e497b58",
                  "parentUUID": "54ae350c-c33f-4dcc-b56e-ea6f09133188",
                  "isHook": false,
                  "skipped": false
                },
                {
                  "title": "validasi data yang dikirim sama seperti di body",
                  "fullTitle": "FT_02_NEG NEG_02 Percobaan membuat data tourist dengan nama Kosong validasi data yang dikirim sama seperti di body",
                  "timedOut": false,
                  "duration": 0,
                  "state": "passed",
                  "speed": "fast",
                  "pass": true,
                  "fail": false,
                  "pending": false,
                  "context": null,
                  "code": "expect(res.body[\"tourist_email\"]).equal(\n  createPayloadsNullName.tourist_email\n);\nexpect(res.body[\"tourist_location\"]).equal(\n  createPayloadsNullName.tourist_location\n);\nexpect(res.body[\"tourist_name\"]).equal(\n  createPayloadsNullName.tourist_name\n);",
                  "err": {},
                  "uuid": "eb41d7b8-ea3f-457f-b688-87bc2b97a7db",
                  "parentUUID": "54ae350c-c33f-4dcc-b56e-ea6f09133188",
                  "isHook": false,
                  "skipped": false
                },
                {
                  "title": "validasi status 201 data created",
                  "fullTitle": "FT_02_NEG NEG_02 Percobaan membuat data tourist dengan nama Kosong validasi status 201 data created",
                  "timedOut": false,
                  "duration": 0,
                  "state": "passed",
                  "speed": "fast",
                  "pass": true,
                  "fail": false,
                  "pending": false,
                  "context": null,
                  "code": "expect(res.status).equal(201); // must 400 depend",
                  "err": {},
                  "uuid": "46f173df-52ae-40b1-87ad-56fa2042b8c0",
                  "parentUUID": "54ae350c-c33f-4dcc-b56e-ea6f09133188",
                  "isHook": false,
                  "skipped": false
                },
                {
                  "title": "validasi data nama yang dikirim kosong",
                  "fullTitle": "FT_02_NEG NEG_02 Percobaan membuat data tourist dengan nama Kosong validasi data nama yang dikirim kosong",
                  "timedOut": false,
                  "duration": 0,
                  "state": "passed",
                  "speed": "fast",
                  "pass": true,
                  "fail": false,
                  "pending": false,
                  "context": null,
                  "code": "expect(res.body[\"tourist_name\"]).to.be.empty;",
                  "err": {},
                  "uuid": "983e83a3-9fd8-48c7-9c2f-36937c3805e7",
                  "parentUUID": "54ae350c-c33f-4dcc-b56e-ea6f09133188",
                  "isHook": false,
                  "skipped": false
                }
              ],
              "suites": [],
              "passes": [
                "c419ca41-3baf-4caa-a18f-c9fd5e497b58",
                "eb41d7b8-ea3f-457f-b688-87bc2b97a7db",
                "46f173df-52ae-40b1-87ad-56fa2042b8c0",
                "983e83a3-9fd8-48c7-9c2f-36937c3805e7"
              ],
              "failures": [],
              "pending": [],
              "skipped": [],
              "duration": 38,
              "root": false,
              "rootEmpty": false,
              "_timeout": 0
            },
            {
              "uuid": "579be642-857c-4e3e-947c-10c45b8f81ea",
              "title": "NEG_03 percobaan delete data tourist tidak ada id",
              "fullFile": "D:\\prosigmaka\\Mobbi SQA\\mobbi Final Project\\TestApi\\FT_02_NEG.test.js",
              "file": "\\FT_02_NEG.test.js",
              "beforeHooks": [],
              "afterHooks": [],
              "tests": [
                {
                  "title": "validasi status 404 data request gagal",
                  "fullTitle": "FT_02_NEG NEG_03 percobaan delete data tourist tidak ada id validasi status 404 data request gagal",
                  "timedOut": false,
                  "duration": 40,
                  "state": "passed",
                  "speed": "medium",
                  "pass": true,
                  "fail": false,
                  "pending": false,
                  "context": null,
                  "code": "res = await requestLocal.delete(\"/data\");\nexpect(res.status).equal(404);",
                  "err": {},
                  "uuid": "05f68e29-d877-41a2-8ac5-4b0268de60ac",
                  "parentUUID": "579be642-857c-4e3e-947c-10c45b8f81ea",
                  "isHook": false,
                  "skipped": false
                }
              ],
              "suites": [],
              "passes": [
                "05f68e29-d877-41a2-8ac5-4b0268de60ac"
              ],
              "failures": [],
              "pending": [],
              "skipped": [],
              "duration": 40,
              "root": false,
              "rootEmpty": false,
              "_timeout": 0
            },
            {
              "uuid": "fbccc54f-52ac-4c26-b507-844892b61f89",
              "title": "NEG_04 percobaan memilih satu data tourist id yang salah",
              "fullFile": "D:\\prosigmaka\\Mobbi SQA\\mobbi Final Project\\TestApi\\FT_02_NEG.test.js",
              "file": "\\FT_02_NEG.test.js",
              "beforeHooks": [],
              "afterHooks": [],
              "tests": [
                {
                  "title": "validasi status 404 data request gagal",
                  "fullTitle": "FT_02_NEG NEG_04 percobaan memilih satu data tourist id yang salah validasi status 404 data request gagal",
                  "timedOut": false,
                  "duration": 28,
                  "state": "passed",
                  "speed": "fast",
                  "pass": true,
                  "fail": false,
                  "pending": false,
                  "context": null,
                  "code": "res = await requestLocal.get(\"/data/273777\");\nexpect(res.status).equal(404);",
                  "err": {},
                  "uuid": "1d02ebe0-5e4b-437e-bc72-47625b8c9fd9",
                  "parentUUID": "fbccc54f-52ac-4c26-b507-844892b61f89",
                  "isHook": false,
                  "skipped": false
                },
                {
                  "title": "validasi tipe json benar",
                  "fullTitle": "FT_02_NEG NEG_04 percobaan memilih satu data tourist id yang salah validasi tipe json benar",
                  "timedOut": false,
                  "duration": 1,
                  "state": "passed",
                  "speed": "fast",
                  "pass": true,
                  "fail": false,
                  "pending": false,
                  "context": null,
                  "code": "expect(res.body).jsonSchema(schemaSingleDataTourist);",
                  "err": {},
                  "uuid": "39685c71-6137-4bb3-8080-f4368eb98d85",
                  "parentUUID": "fbccc54f-52ac-4c26-b507-844892b61f89",
                  "isHook": false,
                  "skipped": false
                },
                {
                  "title": "validasi content content-type json",
                  "fullTitle": "FT_02_NEG NEG_04 percobaan memilih satu data tourist id yang salah validasi content content-type json",
                  "timedOut": false,
                  "duration": 0,
                  "state": "passed",
                  "speed": "fast",
                  "pass": true,
                  "fail": false,
                  "pending": false,
                  "context": null,
                  "code": "expect(res.headers[\"content-type\"]).include(\"application/json\"); // verify content type",
                  "err": {},
                  "uuid": "970eefb4-22cb-47d9-973c-4d48b2e0cfb3",
                  "parentUUID": "fbccc54f-52ac-4c26-b507-844892b61f89",
                  "isHook": false,
                  "skipped": false
                }
              ],
              "suites": [],
              "passes": [
                "1d02ebe0-5e4b-437e-bc72-47625b8c9fd9",
                "39685c71-6137-4bb3-8080-f4368eb98d85",
                "970eefb4-22cb-47d9-973c-4d48b2e0cfb3"
              ],
              "failures": [],
              "pending": [],
              "skipped": [],
              "duration": 29,
              "root": false,
              "rootEmpty": false,
              "_timeout": 0
            }
          ],
          "passes": [],
          "failures": [],
          "pending": [],
          "skipped": [],
          "duration": 0,
          "root": false,
          "rootEmpty": false,
          "_timeout": 0
        }
      ],
      "passes": [],
      "failures": [],
      "pending": [],
      "skipped": [],
      "duration": 0,
      "root": true,
      "rootEmpty": true,
      "_timeout": 0
    }
  ],
  "meta": {
    "mocha": {
      "version": "10.2.0"
    },
    "mochawesome": {
      "options": {
        "quiet": false,
        "reportFilename": "mochawesome",
        "saveHtml": true,
        "saveJson": true,
        "consoleReporter": "spec",
        "useInlineDiffs": false,
        "code": true
      },
      "version": "7.1.3"
    },
    "marge": {
      "options": null,
      "version": "6.2.0"
    }
  }
}